<?xml version="1.0" encoding="UTF-8"?>
<!-- Generated by org.testng.reporters.JUnitXMLReporter -->
<testsuite hostname="VAIO" name="Test_Cases" tests="3" failures="1" timestamp="2 Oct 2015 18:16:47 GMT" time="0.124" errors="0">
  <testcase name="TestCase_1" time="0.039" classname="Appium_PKG.NewTest1"/>
  <testcase name="TestCase_2" time="0.011" classname="Appium_PKG.NewTest2"/>
  <testcase name="TestCase_3" time="0.004" classname="Appium_PKG.NewTest3">
    <failure type="java.lang.AssertionError" message="expected [false] but found [true]">
      <![CDATA[java.lang.AssertionError: expected [false] but found [true]
	at Appium_PKG.NewTest3.TestCase_3(NewTest3.java:15)
... Removed 29 stack frames]]>
    </failure>
  </testcase> <!-- TestCase_3 -->
</testsuite> <!-- Test_Cases -->
