<?xml version="1.0" encoding="UTF-8"?>
<testng-results skipped="0" failed="1" total="3" passed="2">
  <reporter-output>
    <line>
      <![CDATA[Error : expected [false] but found [true]]]>
    </line>
  </reporter-output>
  <suite name="Test_Suite" duration-ms="124" started-at="2015-10-02T18:16:46Z" finished-at="2015-10-02T18:16:46Z">
    <groups>
    </groups>
    <test name="Test_Cases" duration-ms="124" started-at="2015-10-02T18:16:46Z" finished-at="2015-10-02T18:16:46Z">
      <class name="Appium_PKG.NewTest1">
        <test-method status="PASS" signature="TestCase_1()[pri:0, instance:Appium_PKG.NewTest1@42f93a98]" name="TestCase_1" duration-ms="39" started-at="2015-10-02T23:46:46Z" finished-at="2015-10-02T23:46:46Z">
          <reporter-output>
          </reporter-output>
        </test-method> <!-- TestCase_1 -->
      </class> <!-- Appium_PKG.NewTest1 -->
      <class name="Appium_PKG.NewTest2">
        <test-method status="PASS" signature="TestCase_2()[pri:0, instance:Appium_PKG.NewTest2@1e88b3c]" name="TestCase_2" duration-ms="11" started-at="2015-10-02T23:46:46Z" finished-at="2015-10-02T23:46:46Z">
          <reporter-output>
            <line>
              <![CDATA[Error : expected [false] but found [true]]]>
            </line>
          </reporter-output>
        </test-method> <!-- TestCase_2 -->
      </class> <!-- Appium_PKG.NewTest2 -->
      <class name="Appium_PKG.NewTest3">
        <test-method status="FAIL" signature="TestCase_3()[pri:0, instance:Appium_PKG.NewTest3@47fd17e3]" name="TestCase_3" duration-ms="4" started-at="2015-10-02T23:46:46Z" finished-at="2015-10-02T23:46:46Z">
          <exception class="java.lang.AssertionError">
            <message>
              <![CDATA[expected [false] but found [true]]]>
            </message>
            <full-stacktrace>
              <![CDATA[java.lang.AssertionError: expected [false] but found [true]
	at org.testng.Assert.fail(Assert.java:94)
	at org.testng.Assert.failNotEquals(Assert.java:494)
	at org.testng.Assert.assertEquals(Assert.java:123)
	at org.testng.Assert.assertEquals(Assert.java:286)
	at org.testng.Assert.assertEquals(Assert.java:296)
	at Appium_PKG.NewTest3.TestCase_3(NewTest3.java:15)
	at sun.reflect.NativeMethodAccessorImpl.invoke0(Native Method)
	at sun.reflect.NativeMethodAccessorImpl.invoke(NativeMethodAccessorImpl.java:62)
	at sun.reflect.DelegatingMethodAccessorImpl.invoke(DelegatingMethodAccessorImpl.java:43)
	at java.lang.reflect.Method.invoke(Method.java:497)
	at org.testng.internal.MethodInvocationHelper.invokeMethod(MethodInvocationHelper.java:84)
	at org.testng.internal.Invoker.invokeMethod(Invoker.java:714)
	at org.testng.internal.Invoker.invokeTestMethod(Invoker.java:901)
	at org.testng.internal.Invoker.invokeTestMethods(Invoker.java:1231)
	at org.testng.internal.TestMethodWorker.invokeTestMethods(TestMethodWorker.java:127)
	at org.testng.internal.TestMethodWorker.run(TestMethodWorker.java:111)
	at org.testng.TestRunner.privateRun(TestRunner.java:767)
	at org.testng.TestRunner.run(TestRunner.java:617)
	at org.testng.SuiteRunner.runTest(SuiteRunner.java:334)
	at org.testng.SuiteRunner.runSequentially(SuiteRunner.java:329)
	at org.testng.SuiteRunner.privateRun(SuiteRunner.java:291)
	at org.testng.SuiteRunner.run(SuiteRunner.java:240)
	at org.testng.SuiteRunnerWorker.runSuite(SuiteRunnerWorker.java:52)
	at org.testng.SuiteRunnerWorker.run(SuiteRunnerWorker.java:86)
	at org.testng.TestNG.runSuitesSequentially(TestNG.java:1224)
	at org.testng.TestNG.runSuitesLocally(TestNG.java:1149)
	at org.testng.TestNG.run(TestNG.java:1057)
	at org.testng.remote.RemoteTestNG.run(RemoteTestNG.java:111)
	at org.testng.remote.RemoteTestNG.initAndRun(RemoteTestNG.java:204)
	at org.testng.remote.RemoteTestNG.main(RemoteTestNG.java:175)
]]>
            </full-stacktrace>
          </exception> <!-- java.lang.AssertionError -->
          <reporter-output>
          </reporter-output>
        </test-method> <!-- TestCase_3 -->
      </class> <!-- Appium_PKG.NewTest3 -->
    </test> <!-- Test_Cases -->
  </suite> <!-- Test_Suite -->
</testng-results>
